/*C563*/SET SCHEMA PUBLIC
DISCONNECT
/*C564*/SET SCHEMA PUBLIC
DISCONNECT
/*C565*/SET SCHEMA PUBLIC
DISCONNECT
/*C566*/SET SCHEMA PUBLIC
DISCONNECT
/*C567*/SET SCHEMA PUBLIC
DISCONNECT
/*C568*/SET SCHEMA PUBLIC
DISCONNECT
/*C569*/SET SCHEMA PUBLIC
DISCONNECT
/*C570*/SET SCHEMA PUBLIC
DISCONNECT
/*C571*/SET SCHEMA PUBLIC
DISCONNECT
/*C572*/SET SCHEMA PUBLIC
DISCONNECT
/*C573*/SET SCHEMA PUBLIC
DISCONNECT
/*C574*/SET SCHEMA PUBLIC
INSERT INTO PROJECT VALUES(4,'24566666666666666666666666666666666666666666666666','6')
COMMIT
DISCONNECT
/*C575*/SET SCHEMA PUBLIC
DISCONNECT
/*C576*/SET SCHEMA PUBLIC
DISCONNECT
/*C577*/SET SCHEMA PUBLIC
DISCONNECT
/*C578*/SET SCHEMA PUBLIC
DISCONNECT
/*C579*/SET SCHEMA PUBLIC
INSERT INTO EMPLOYEE VALUES(2,'44444444444444444444444444444444444444444444444444','44444444444444444444444444444444444444444444444444','4','4')
COMMIT
DISCONNECT
/*C580*/SET SCHEMA PUBLIC
DISCONNECT
/*C581*/SET SCHEMA PUBLIC
INSERT INTO EMPLOYEE VALUES(3,'44444444444444444444444444444444444444444444444444','44444444444444444444444444444444444444444444444444','4','4')
COMMIT
DISCONNECT
/*C582*/SET SCHEMA PUBLIC
DISCONNECT
/*C583*/SET SCHEMA PUBLIC
DISCONNECT
/*C584*/SET SCHEMA PUBLIC
DISCONNECT
/*C585*/SET SCHEMA PUBLIC
DISCONNECT
/*C586*/SET SCHEMA PUBLIC
DISCONNECT
/*C587*/SET SCHEMA PUBLIC
DISCONNECT
/*C588*/SET SCHEMA PUBLIC
DISCONNECT
/*C589*/SET SCHEMA PUBLIC
DISCONNECT
/*C590*/SET SCHEMA PUBLIC
DISCONNECT
/*C591*/SET SCHEMA PUBLIC
DISCONNECT
/*C592*/SET SCHEMA PUBLIC
DISCONNECT
/*C593*/SET SCHEMA PUBLIC
DISCONNECT
/*C594*/SET SCHEMA PUBLIC
DISCONNECT
/*C595*/SET SCHEMA PUBLIC
DISCONNECT
/*C596*/SET SCHEMA PUBLIC
DISCONNECT
/*C597*/SET SCHEMA PUBLIC
DISCONNECT
/*C598*/SET SCHEMA PUBLIC
DISCONNECT
/*C599*/SET SCHEMA PUBLIC
DISCONNECT
/*C600*/SET SCHEMA PUBLIC
DISCONNECT
/*C601*/SET SCHEMA PUBLIC
DISCONNECT
/*C602*/SET SCHEMA PUBLIC
DISCONNECT
/*C603*/SET SCHEMA PUBLIC
DISCONNECT
/*C604*/SET SCHEMA PUBLIC
DISCONNECT
/*C605*/SET SCHEMA PUBLIC
DISCONNECT
/*C606*/SET SCHEMA PUBLIC
DISCONNECT
/*C607*/SET SCHEMA PUBLIC
INSERT INTO TASKS VALUES(4,'\u041d\u0435 \u043d\u0430\u0447\u0430\u0442\u0430','66',66,'0006-06-06','0066-06-06',NULL,NULL)
COMMIT
DISCONNECT
/*C608*/SET SCHEMA PUBLIC
DISCONNECT
/*C609*/SET SCHEMA PUBLIC
DISCONNECT
/*C610*/SET SCHEMA PUBLIC
DISCONNECT
/*C611*/SET SCHEMA PUBLIC
DISCONNECT
/*C612*/SET SCHEMA PUBLIC
DISCONNECT
/*C613*/SET SCHEMA PUBLIC
DISCONNECT
/*C614*/SET SCHEMA PUBLIC
DISCONNECT
/*C615*/SET SCHEMA PUBLIC
DISCONNECT
/*C616*/SET SCHEMA PUBLIC
DISCONNECT
/*C617*/SET SCHEMA PUBLIC
DISCONNECT
/*C618*/SET SCHEMA PUBLIC
DISCONNECT
/*C619*/SET SCHEMA PUBLIC
DISCONNECT
/*C620*/SET SCHEMA PUBLIC
DISCONNECT
/*C621*/SET SCHEMA PUBLIC
DISCONNECT
/*C622*/SET SCHEMA PUBLIC
DISCONNECT
/*C623*/SET SCHEMA PUBLIC
DISCONNECT
/*C624*/SET SCHEMA PUBLIC
DISCONNECT
/*C625*/SET SCHEMA PUBLIC
DISCONNECT
/*C626*/SET SCHEMA PUBLIC
DISCONNECT
/*C627*/SET SCHEMA PUBLIC
DISCONNECT
/*C628*/SET SCHEMA PUBLIC
DISCONNECT
/*C629*/SET SCHEMA PUBLIC
DISCONNECT
/*C630*/SET SCHEMA PUBLIC
INSERT INTO TASKS VALUES(5,'\u041d\u0435 \u043d\u0430\u0447\u0430\u0442\u0430','4',10000,'0004-04-04','0004-04-04',NULL,NULL)
COMMIT
DISCONNECT
/*C631*/SET SCHEMA PUBLIC
DISCONNECT
/*C632*/SET SCHEMA PUBLIC
DISCONNECT
/*C633*/SET SCHEMA PUBLIC
DISCONNECT
/*C634*/SET SCHEMA PUBLIC
DISCONNECT
/*C635*/SET SCHEMA PUBLIC
DISCONNECT
/*C636*/SET SCHEMA PUBLIC
DISCONNECT
/*C637*/SET SCHEMA PUBLIC
DISCONNECT
/*C638*/SET SCHEMA PUBLIC
DISCONNECT
/*C639*/SET SCHEMA PUBLIC
DISCONNECT
/*C640*/SET SCHEMA PUBLIC
DISCONNECT
/*C641*/SET SCHEMA PUBLIC
DISCONNECT
/*C642*/SET SCHEMA PUBLIC
DISCONNECT
/*C643*/SET SCHEMA PUBLIC
DISCONNECT
/*C644*/SET SCHEMA PUBLIC
DISCONNECT
/*C645*/SET SCHEMA PUBLIC
DISCONNECT
/*C646*/SET SCHEMA PUBLIC
DISCONNECT
/*C647*/SET SCHEMA PUBLIC
DISCONNECT
/*C648*/SET SCHEMA PUBLIC
DISCONNECT
/*C649*/SET SCHEMA PUBLIC
DISCONNECT
/*C650*/SET SCHEMA PUBLIC
DISCONNECT
/*C651*/SET SCHEMA PUBLIC
DISCONNECT
/*C652*/SET SCHEMA PUBLIC
DISCONNECT
/*C653*/SET SCHEMA PUBLIC
DISCONNECT
/*C654*/SET SCHEMA PUBLIC
DISCONNECT
/*C655*/SET SCHEMA PUBLIC
DISCONNECT
/*C656*/SET SCHEMA PUBLIC
DISCONNECT
/*C657*/SET SCHEMA PUBLIC
DISCONNECT
/*C658*/SET SCHEMA PUBLIC
DISCONNECT
/*C659*/SET SCHEMA PUBLIC
DISCONNECT
/*C660*/SET SCHEMA PUBLIC
DISCONNECT
/*C661*/SET SCHEMA PUBLIC
DISCONNECT
/*C662*/SET SCHEMA PUBLIC
INSERT INTO TASKS VALUES(6,'\u041d\u0435 \u043d\u0430\u0447\u0430\u0442\u0430','44444444444444444444444444444444444444444444444444',5,'0004-04-04','0004-04-04',NULL,NULL)
COMMIT
DISCONNECT
/*C663*/SET SCHEMA PUBLIC
DISCONNECT
/*C664*/SET SCHEMA PUBLIC
DISCONNECT
/*C665*/SET SCHEMA PUBLIC
DISCONNECT
/*C666*/SET SCHEMA PUBLIC
DISCONNECT
/*C667*/SET SCHEMA PUBLIC
DISCONNECT
/*C668*/SET SCHEMA PUBLIC
DISCONNECT
/*C669*/SET SCHEMA PUBLIC
DISCONNECT
/*C670*/SET SCHEMA PUBLIC
DISCONNECT
/*C671*/SET SCHEMA PUBLIC
DISCONNECT
/*C672*/SET SCHEMA PUBLIC
DISCONNECT
/*C673*/SET SCHEMA PUBLIC
DISCONNECT
/*C674*/SET SCHEMA PUBLIC
DISCONNECT
/*C675*/SET SCHEMA PUBLIC
DISCONNECT
/*C676*/SET SCHEMA PUBLIC
DISCONNECT
/*C677*/SET SCHEMA PUBLIC
DISCONNECT
/*C678*/SET SCHEMA PUBLIC
DISCONNECT
/*C679*/SET SCHEMA PUBLIC
DISCONNECT
/*C680*/SET SCHEMA PUBLIC
DISCONNECT
/*C681*/SET SCHEMA PUBLIC
DISCONNECT
/*C682*/SET SCHEMA PUBLIC
DISCONNECT
/*C683*/SET SCHEMA PUBLIC
DISCONNECT
/*C684*/SET SCHEMA PUBLIC
DISCONNECT
/*C685*/SET SCHEMA PUBLIC
DISCONNECT
/*C686*/SET SCHEMA PUBLIC
DISCONNECT
/*C687*/SET SCHEMA PUBLIC
DISCONNECT
/*C688*/SET SCHEMA PUBLIC
DISCONNECT
/*C689*/SET SCHEMA PUBLIC
DISCONNECT
/*C690*/SET SCHEMA PUBLIC
DISCONNECT
/*C691*/SET SCHEMA PUBLIC
DISCONNECT
/*C692*/SET SCHEMA PUBLIC
DISCONNECT
/*C693*/SET SCHEMA PUBLIC
DISCONNECT
/*C694*/SET SCHEMA PUBLIC
DISCONNECT
/*C695*/SET SCHEMA PUBLIC
DISCONNECT
/*C696*/SET SCHEMA PUBLIC
DISCONNECT
/*C697*/SET SCHEMA PUBLIC
DROP TABLE IF EXISTS PUBLIC.tasks
DROP TABLE IF EXISTS PUBLIC.project
DROP TABLE IF EXISTS PUBLIC.employee
CREATE TABLE IF NOT EXISTS project(\u000a                                      project_id INT GENERATED BY DEFAULT AS IDENTITY (START WITH 1 INCREMENT BY 1) NOT NULL PRIMARY KEY,\u000a                                      title VARCHAR(250) NOT NULL,\u000a                                      discription VARCHAR(1000)\u000a)
CREATE TABLE IF NOT EXISTS employee(\u000a                                       employee_id INT GENERATED BY DEFAULT AS IDENTITY (START WITH 1 INCREMENT BY 1) NOT NULL PRIMARY KEY,\u000a                                       surname VARCHAR(250) NOT NULL,\u000a                                       first_name VARCHAR(250) NOT NULL,\u000a                                       last_name VARCHAR(250) NOT NULL,\u000a                                       post VARCHAR(250) NOT NULL\u000a\u000a)
CREATE TABLE IF NOT EXISTS tasks(\u000a                                    id INT GENERATED BY DEFAULT AS IDENTITY (START WITH 1 INCREMENT BY 1) NOT NULL PRIMARY KEY,\u000a                                    flag VARCHAR(250) NOT NULL,\u000a                                    title VARCHAR(250) NOT NULL,\u000a                                    work_time VARCHAR(50) NOT NULL,\u000a                                    begin_date DATE NOT NULL,\u000a                                    end_date DATE NOT NULL,\u000a                                    employee_id INT,\u000a                                    project_id INT ,\u000a                                    FOREIGN KEY (project_id) REFERENCES project(project_id) ON DELETE SET NULL ON UPDATE CASCADE ,\u000a                                    FOREIGN KEY (employee_id) REFERENCES employee(employee_id) ON DELETE SET NULL ON UPDATE CASCADE\u000a)
/*C698*/SET SCHEMA PUBLIC
DISCONNECT
/*C699*/SET SCHEMA PUBLIC
DISCONNECT
/*C700*/SET SCHEMA PUBLIC
DISCONNECT
/*C701*/SET SCHEMA PUBLIC
DISCONNECT
/*C702*/SET SCHEMA PUBLIC
DISCONNECT
/*C703*/SET SCHEMA PUBLIC
DISCONNECT
/*C704*/SET SCHEMA PUBLIC
DISCONNECT
/*C705*/SET SCHEMA PUBLIC
DISCONNECT
/*C706*/SET SCHEMA PUBLIC
DISCONNECT
/*C707*/SET SCHEMA PUBLIC
DISCONNECT
/*C697*/DROP TABLE IF EXISTS PUBLIC.tasks
DROP TABLE IF EXISTS PUBLIC.project
DROP TABLE IF EXISTS PUBLIC.employee
CREATE TABLE IF NOT EXISTS project(\u000a                                      project_id INT GENERATED BY DEFAULT AS IDENTITY (START WITH 1 INCREMENT BY 1) NOT NULL PRIMARY KEY,\u000a                                      title VARCHAR(250) NOT NULL,\u000a                                      discription VARCHAR(1000)\u000a)
CREATE TABLE IF NOT EXISTS employee(\u000a                                       employee_id INT GENERATED BY DEFAULT AS IDENTITY (START WITH 1 INCREMENT BY 1) NOT NULL PRIMARY KEY,\u000a                                       surname VARCHAR(250) NOT NULL,\u000a                                       first_name VARCHAR(250) NOT NULL,\u000a                                       last_name VARCHAR(250) NOT NULL,\u000a                                       post VARCHAR(250) NOT NULL\u000a\u000a)
CREATE TABLE IF NOT EXISTS tasks(\u000a                                    id INT GENERATED BY DEFAULT AS IDENTITY (START WITH 1 INCREMENT BY 1) NOT NULL PRIMARY KEY,\u000a                                    flag VARCHAR(250) NOT NULL,\u000a                                    title VARCHAR(250) NOT NULL,\u000a                                    work_time NUMERIC(50,0) NOT NULL,\u000a                                    begin_date DATE NOT NULL,\u000a                                    end_date DATE NOT NULL,\u000a                                    employee_id INT,\u000a                                    project_id INT ,\u000a                                    FOREIGN KEY (project_id) REFERENCES project(project_id) ON DELETE SET NULL ON UPDATE CASCADE ,\u000a                                    FOREIGN KEY (employee_id) REFERENCES employee(employee_id) ON DELETE SET NULL ON UPDATE CASCADE\u000a)
/*C708*/SET SCHEMA PUBLIC
DISCONNECT
/*C709*/SET SCHEMA PUBLIC
DISCONNECT
/*C710*/SET SCHEMA PUBLIC
DISCONNECT
/*C711*/SET SCHEMA PUBLIC
INSERT INTO TASKS VALUES(1,'\u041d\u0435 \u043d\u0430\u0447\u0430\u0442\u0430','4',4,'0004-04-04','0004-04-04',NULL,NULL)
COMMIT
DISCONNECT
/*C712*/SET SCHEMA PUBLIC
DISCONNECT
/*C713*/SET SCHEMA PUBLIC
DISCONNECT
/*C714*/SET SCHEMA PUBLIC
DISCONNECT
/*C715*/SET SCHEMA PUBLIC
DISCONNECT
/*C716*/SET SCHEMA PUBLIC
DISCONNECT
/*C717*/SET SCHEMA PUBLIC
DISCONNECT
/*C718*/SET SCHEMA PUBLIC
DISCONNECT
/*C719*/SET SCHEMA PUBLIC
DISCONNECT
/*C720*/SET SCHEMA PUBLIC
DISCONNECT
/*C721*/SET SCHEMA PUBLIC
DISCONNECT
/*C722*/SET SCHEMA PUBLIC
DISCONNECT
/*C723*/SET SCHEMA PUBLIC
DISCONNECT
/*C724*/SET SCHEMA PUBLIC
DISCONNECT
/*C725*/SET SCHEMA PUBLIC
DISCONNECT
